AppTaxi/User App/stripe/build/outputs/logs/manifest-merger-debug-report.txt
-- Merging decision tree log ---
manifest
ADDED from User App/stripe/AndroidManifest.xml:2:1-7:12
INJECTED from User App/stripe/AndroidManifest.xml:2:1-7:12
INJECTED from User App/stripe/AndroidManifest.xml:2:1-7:12
INJECTED from User App/stripe/AndroidManifest.xml:2:1-7:12
INJECTED from User App/stripe/AndroidManifest.xml:2:1-7:12
INJECTED from User App/stripe/AndroidManifest.xml:2:1-7:12
INJECTED from User App/stripe/AndroidManifest.xml:2:1-7:12
	package
		ADDED from User App/stripe/AndroidManifest.xml:3:11-39
		INJECTED from User App/stripe/AndroidManifest.xml
		INJECTED from User App/stripe/AndroidManifest.xml
	android:versionName
		ADDED from User App/stripe/AndroidManifest.xml:5:11-36
		INJECTED from User App/stripe/AndroidManifest.xml
		INJECTED from User App/stripe/AndroidManifest.xml
	xmlns:android
		ADDED from User App/stripe/AndroidManifest.xml:2:11-69
	android:versionCode
		ADDED from User App/stripe/AndroidManifest.xml:4:11-34
		INJECTED from User App/stripe/AndroidManifest.xml
		INJECTED from User App/stripe/AndroidManifest.xml
uses-sdk
ADDED from User App/stripe/AndroidManifest.xml:6:5-46
INJECTED from User App/stripe/AndroidManifest.xml:6:5-46
INJECTED from User App/stripe/AndroidManifest.xml:6:5-46
INJECTED from User App/stripe/AndroidManifest.xml:6:5-46
INJECTED from User App/stripe/AndroidManifest.xml:6:5-46
	android:targetSdkVersion
		ADDED from User App/stripe/AndroidManifest.xml:6:15-44
		INJECTED from User App/stripe/AndroidManifest.xml
		INJECTED from User App/stripe/AndroidManifest.xml
	android:minSdkVersion
		INJECTED from User App/stripe/AndroidManifest.xml
		ADDED from User App/stripe/AndroidManifest.xml:6:5-46
		INJECTED from User App/stripe/AndroidManifest.xml